
> vrc-quality-connect-frontend@0.1.0 dev
> vite --host 127.0.0.1 --port 8011


  [32m[1mVITE[22m v6.4.2[39m  [2mready in [0m[1m376[22m[2m[0m ms[22m

  [32m➜[39m  [1mLocal[22m:   [36mhttp://127.0.0.1:[1m8011[22m/[39m
[2m18:00:26[22m [36m[1m[vite][22m[39m [90m[2m(client)[22m[39m [32mhmr update [39m[2m/src/pages/settings/ui/settings-page.tsx[22m
[2m18:00:26[22m [36m[1m[vite][22m[39m [90m[2m(client)[22m[39m [32mhmr update [39m[2m/src/shared/ui/global.css[22m
[2m18:06:49[22m [36m[1m[vite][22m[39m [90m[2m(client)[22m[39m [32mhmr update [39m[2m/src/modules/groups/ui/groups-admin-panel.tsx[22m
[2m18:08:50[22m [36m[1m[vite][22m[39m [90m[2m(client)[22m[39m [32mhmr update [39m[2m/src/modules/groups/ui/groups-admin-panel.tsx[22m
[2m18:08:50[22m [36m[1m[vite][22m[39m [90m[2m(client)[22m[39m [32mhmr update [39m[2m/src/shared/ui/global.css[22m
[2m18:09:48[22m [36m[1m[vite][22m[39m [90m[2m(client)[22m[39m [32mhmr update [39m[2m/src/pages/settings/ui/settings-page.tsx[22m
[2m18:09:52[22m [36m[1m[vite][22m[39m [90m[2m(client)[22m[39m [32mhmr update [39m[2m/src/pages/settings/ui/settings-page.tsx[22m
[2m18:11:19[22m [36m[1m[vite][22m[39m [90m[2m(client)[22m[39m [32mhmr update [39m[2m/src/modules/groups/ui/groups-admin-panel.tsx[22m
[2m18:11:19[22m [36m[1m[vite][22m[39m [90m[2m(client)[22m[39m [32mhmr update [39m[2m/src/shared/ui/global.css[22m
[2m18:12:15[22m [36m[1m[vite][22m[39m [90m[2m(client)[22m[39m [32mhmr update [39m[2m/src/shared/ui/global.css[22m
[2m18:12:37[22m [36m[1m[vite][22m[39m [90m[2m(client)[22m[39m [32mhmr update [39m[2m/src/shared/ui/global.css[22m
[2m18:18:12[22m [36m[1m[vite][22m[39m [90m[2m(client)[22m[39m [32mhmr update [39m[2m/src/modules/auth/providers/auth-provider.tsx, /src/pages/auth-login/ui/auth-login-page.tsx, /src/pages/auth-register/ui/auth-register-page.tsx[22m
[2m18:18:12[22m [36m[1m[vite][22m[39m [90m[2m(client)[22m[39m [32mhmr update [39m[2m/src/modules/auth/providers/auth-provider.tsx[22m
[2m18:18:12[22m [36m[1m[vite][22m[39m [90m[2m(client)[22m[39m [32mhmr update [39m[2m/src/pages/settings/ui/settings-page.tsx[22m
[2m18:18:12[22m [36m[1m[vite][22m[39m [90m[2m(client)[22m[39m [33mhmr invalidate [39m[2m/src/modules/auth/providers/auth-provider.tsx[22m Could not Fast Refresh ("useAuth" export is incompatible). Learn more at https://github.com/vitejs/vite-plugin-react/tree/main/packages/plugin-react#consistent-components-exports
[2m18:18:12[22m [36m[1m[vite][22m[39m [90m[2m(client)[22m[39m [32mhmr update [39m[2m/src/app/providers/app-providers.tsx, /src/modules/auth/ui/permission-route.tsx, /src/modules/auth/ui/authenticated-route.tsx, /src/pages/settings/ui/settings-page.tsx, /src/shared/ui/app-shell.tsx, /src/pages/auth-login/ui/auth-login-page.tsx, /src/pages/reports/ui/reports-page.tsx, /src/pages/auth-register/ui/auth-register-page.tsx[22m
[2m18:18:28[22m [36m[1m[vite][22m[39m [90m[2m(client)[22m[39m [32mhmr update [39m[2m/src/pages/settings/ui/settings-page.tsx[22m
[2m18:18:28[22m [36m[1m[vite][22m[39m [90m[2m(client)[22m[39m [32mhmr update [39m[2m/src/shared/ui/global.css[22m
[2m18:20:28[22m [36m[1m[vite][22m[39m [90m[2m(client)[22m[39m [32mhmr update [39m[2m/src/pages/settings/ui/settings-page.tsx[22m
[2m18:20:28[22m [36m[1m[vite][22m[39m [90m[2m(client)[22m[39m [32mhmr update [39m[2m/src/shared/ui/global.css[22m
[2m18:21:16[22m [36m[1m[vite][22m[39m [90m[2m(client)[22m[39m [32mhmr update [39m[2m/src/pages/settings/ui/settings-page.tsx[22m
[2m18:21:16[22m [36m[1m[vite][22m[39m [90m[2m(client)[22m[39m [32mhmr update [39m[2m/src/shared/ui/global.css[22m
[2m18:21:50[22m [36m[1m[vite][22m[39m [90m[2m(client)[22m[39m [32mhmr update [39m[2m/src/shared/ui/global.css[22m
[2m18:24:25[22m [36m[1m[vite][22m[39m [90m[2m(client)[22m[39m [32mhmr update [39m[2m/src/pages/settings/ui/settings-page.tsx[22m
[2m18:24:25[22m [36m[1m[vite][22m[39m [90m[2m(client)[22m[39m [32mhmr update [39m[2m/src/shared/ui/global.css[22m
[2m18:24:31[22m [36m[1m[vite][22m[39m [90m[2m(client)[22m[39m [32mhmr update [39m[2m/src/pages/settings/ui/settings-page.tsx[22m
[2m00:33:37[22m [36m[1m[vite][22m[39m [90m[2m(client)[22m[39m [32mhmr update [39m[2m/src/pages/settings/ui/settings-page.tsx[22m
[2m00:33:37[22m [36m[1m[vite][22m[39m [90m[2m(client)[22m[39m [32mhmr update [39m[2m/src/shared/ui/global.css[22m
[2m00:35:09[22m [36m[1m[vite][22m[39m [90m[2m(client)[22m[39m [32mhmr update [39m[2m/src/pages/settings/ui/settings-page.tsx[22m
[2m00:35:09[22m [36m[1m[vite][22m[39m [90m[2m(client)[22m[39m [32mhmr update [39m[2m/src/shared/ui/global.css[22m
[2m00:36:22[22m [36m[1m[vite][22m[39m [90m[2m(client)[22m[39m [32mhmr update [39m[2m/src/pages/settings/ui/settings-page.tsx[22m
[2m00:36:22[22m [36m[1m[vite][22m[39m [90m[2m(client)[22m[39m [32mhmr update [39m[2m/src/shared/ui/global.css[22m
[2m00:37:30[22m [36m[1m[vite][22m[39m [90m[2m(client)[22m[39m [32mhmr update [39m[2m/src/pages/settings/ui/settings-page.tsx[22m
[2m00:45:50[22m [36m[1m[vite][22m[39m [90m[2m(client)[22m[39m [32mhmr update [39m[2m/src/app/router/app-router.tsx, /src/pages/settings/ui/settings-page.tsx, /src/shared/ui/app-shell.tsx, /src/pages/reports/ui/reports-page.tsx[22m
[2m00:45:50[22m [36m[1m[vite][22m[39m [90m[2m(client)[22m[39m [32mhmr update [39m[2m/src/modules/auth/providers/auth-provider.tsx, /src/pages/auth-login/ui/auth-login-page.tsx, /src/pages/auth-register/ui/auth-register-page.tsx, /src/pages/settings/ui/settings-page.tsx[22m
[2m00:46:52[22m [36m[1m[vite][22m[39m [90m[2m(client)[22m[39m [32mhmr update [39m[2m/src/pages/settings/ui/settings-page.tsx[22m
[2m00:47:31[22m [36m[1m[vite][22m[39m [90m[2m(client)[22m[39m [32mhmr update [39m[2m/src/pages/auth-register/ui/auth-register-page.tsx[22m
[2m00:47:38[22m [36m[1m[vite][22m[39m [90m[2m(client)[22m[39m [32mhmr update [39m[2m/src/pages/auth-login/ui/auth-login-page.tsx[22m
[2m00:47:59[22m [36m[1m[vite][22m[39m [90m[2m(client)[22m[39m [32mhmr update [39m[2m/src/pages/auth-register/ui/auth-register-page.tsx[22m
[2m00:48:13[22m [36m[1m[vite][22m[39m [90m[2m(client)[22m[39m [32mhmr update [39m[2m/src/shared/ui/global.css[22m
