[31m[Nest] 34740  - [39m17.04.2026, 15:54:36 [31m  ERROR[39m [38;5;3m[NestApplication] [39m[31mError: listen EADDRINUSE: address already in use :::3000[39m[38;5;3m +2ms[39m
node:net:1948
    const ex = new UVExceptionWithHostPort(err, 'listen', address, port);
               ^

Error: listen EADDRINUSE: address already in use :::3000
    at Server.setupListenHandle [as _listen2] (node:net:1948:16)
    at listenInCluster (node:net:2005:12)
    at Server.listen (node:net:2110:7)
    at ExpressAdapter.listen (E:\GitRep2\VRC Quality Connect\backend\node_modules\@nestjs\platform-express\adapters\express-adapter.js:115:32)
    at E:\GitRep2\VRC Quality Connect\backend\node_modules\@nestjs\core\nest-application.js:188:30
    at new Promise (<anonymous>)
    at NestApplication.listen (E:\GitRep2\VRC Quality Connect\backend\node_modules\@nestjs\core\nest-application.js:178:16)
    at async bootstrap (E:\GitRep2\VRC Quality Connect\backend\src\main.ts:26:3) {
  code: 'EADDRINUSE',
  errno: -4091,
  syscall: 'listen',
  address: '::',
  port: 3000
}

Node.js v24.14.0
[31m[Nest] 38880  - [39m17.04.2026, 16:10:22 [31m  ERROR[39m [38;5;3m[NestApplication] [39m[31mError: listen EADDRINUSE: address already in use :::3000[39m[38;5;3m +2ms[39m
node:net:1948
    const ex = new UVExceptionWithHostPort(err, 'listen', address, port);
               ^

Error: listen EADDRINUSE: address already in use :::3000
    at Server.setupListenHandle [as _listen2] (node:net:1948:16)
    at listenInCluster (node:net:2005:12)
    at Server.listen (node:net:2110:7)
    at ExpressAdapter.listen (E:\GitRep2\VRC Quality Connect\backend\node_modules\@nestjs\platform-express\adapters\express-adapter.js:115:32)
    at E:\GitRep2\VRC Quality Connect\backend\node_modules\@nestjs\core\nest-application.js:188:30
    at new Promise (<anonymous>)
    at NestApplication.listen (E:\GitRep2\VRC Quality Connect\backend\node_modules\@nestjs\core\nest-application.js:178:16)
    at async bootstrap (E:\GitRep2\VRC Quality Connect\backend\src\main.ts:26:3) {
  code: 'EADDRINUSE',
  errno: -4091,
  syscall: 'listen',
  address: '::',
  port: 3000
}

Node.js v24.14.0
[31m[Nest] 35148  - [39m17.04.2026, 16:17:57 [31m  ERROR[39m [38;5;3m[NestApplication] [39m[31mError: listen EADDRINUSE: address already in use :::3000[39m[38;5;3m +2ms[39m
node:net:1948
    const ex = new UVExceptionWithHostPort(err, 'listen', address, port);
               ^

Error: listen EADDRINUSE: address already in use :::3000
    at Server.setupListenHandle [as _listen2] (node:net:1948:16)
    at listenInCluster (node:net:2005:12)
    at Server.listen (node:net:2110:7)
    at ExpressAdapter.listen (E:\GitRep2\VRC Quality Connect\backend\node_modules\@nestjs\platform-express\adapters\express-adapter.js:115:32)
    at E:\GitRep2\VRC Quality Connect\backend\node_modules\@nestjs\core\nest-application.js:188:30
    at new Promise (<anonymous>)
    at NestApplication.listen (E:\GitRep2\VRC Quality Connect\backend\node_modules\@nestjs\core\nest-application.js:178:16)
    at async bootstrap (E:\GitRep2\VRC Quality Connect\backend\src\main.ts:26:3) {
  code: 'EADDRINUSE',
  errno: -4091,
  syscall: 'listen',
  address: '::',
  port: 3000
}

Node.js v24.14.0
[31m[Nest] 34952  - [39m17.04.2026, 16:18:00 [31m  ERROR[39m [38;5;3m[NestApplication] [39m[31mError: listen EADDRINUSE: address already in use :::3000[39m[38;5;3m +2ms[39m
node:net:1948
    const ex = new UVExceptionWithHostPort(err, 'listen', address, port);
               ^

Error: listen EADDRINUSE: address already in use :::3000
    at Server.setupListenHandle [as _listen2] (node:net:1948:16)
    at listenInCluster (node:net:2005:12)
    at Server.listen (node:net:2110:7)
    at ExpressAdapter.listen (E:\GitRep2\VRC Quality Connect\backend\node_modules\@nestjs\platform-express\adapters\express-adapter.js:115:32)
    at E:\GitRep2\VRC Quality Connect\backend\node_modules\@nestjs\core\nest-application.js:188:30
    at new Promise (<anonymous>)
    at NestApplication.listen (E:\GitRep2\VRC Quality Connect\backend\node_modules\@nestjs\core\nest-application.js:178:16)
    at async bootstrap (E:\GitRep2\VRC Quality Connect\backend\src\main.ts:26:3) {
  code: 'EADDRINUSE',
  errno: -4091,
  syscall: 'listen',
  address: '::',
  port: 3000
}

Node.js v24.14.0
