
> vrc-quality-connect-frontend@0.1.0 dev
> vite --host 127.0.0.1 --port 5173


  [32m[1mVITE[22m v6.4.2[39m  [2mready in [0m[1m2416[22m[2m[0m ms[22m

  [32m➜[39m  [1mLocal[22m:   [36mhttp://127.0.0.1:[1m5173[22m/[39m
[2m09:57:54[22m [36m[1m[vite][22m[39m [90m[2m(client)[22m[39m [32mhmr update [39m[2m/src/shared/ui/global.css[22m
[2m09:59:09[22m [36m[1m[vite][22m[39m [90m[2m(client)[22m[39m [32mhmr update [39m[2m/src/modules/licenses/ui/license-registry-table.tsx[22m
[2m09:59:20[22m [36m[1m[vite][22m[39m [90m[2m(client)[22m[39m [32mhmr update [39m[2m/src/shared/ui/global.css[22m
[2m10:19:07[22m [36m[1m[vite][22m[39m [90m[2m(client)[22m[39m [32mhmr update [39m[2m/src/shared/ui/global.css[22m
[2m10:23:06[22m [36m[1m[vite][22m[39m [90m[2m(client)[22m[39m [32mhmr update [39m[2m/src/shared/ui/date-input/date-input.tsx[22m
[2m10:23:45[22m [36m[1m[vite][22m[39m [90m[2m(client)[22m[39m [32mhmr update [39m[2m/src/modules/licenses/ui/license-registry-table.tsx[22m
[2m10:24:11[22m [36m[1m[vite][22m[39m [90m[2m(client)[22m[39m [32mhmr update [39m[2m/src/shared/ui/global.css[22m
[2m10:27:59[22m [36m[1m[vite][22m[39m [90m[2m(client)[22m[39m [32mhmr update [39m[2m/src/shared/ui/global.css[22m
[2m10:31:32[22m [36m[1m[vite][22m[39m [90m[2m(client)[22m[39m [32mhmr update [39m[2m/src/shared/ui/global.css[22m
[2m10:40:25[22m [36m[1m[vite][22m[39m [90m[2m(client)[22m[39m [32mhmr update [39m[2m/src/shared/ui/global.css[22m
[2m10:41:32[22m [36m[1m[vite][22m[39m [90m[2m(client)[22m[39m [32mhmr update [39m[2m/src/shared/ui/date-input/date-input.tsx[22m
[2m10:41:32[22m [36m[1m[vite][22m[39m [90m[2m(client)[22m[39m [32mhmr update [39m[2m/src/shared/ui/global.css[22m
[2m10:41:32[22m [36m[1m[vite][22m[39m [90m[2m(client)[22m[39m [32mhmr update [39m[2m/src/modules/licenses/ui/license-registry-table.tsx[22m
[2m10:58:04[22m [36m[1m[vite][22m[39m [90m[2m(client)[22m[39m [32mhmr update [39m[2m/src/pages/reports/ui/reports-page.tsx, /src/modules/reports/ui/license-report-panel.tsx, /src/pages/activity-records/ui/activity-records-page.tsx, /src/modules/management-weekly-reports/ui/management-weekly-report-workspace.tsx, /src/modules/users/ui/users-admin-panel.tsx, /src/modules/groups/ui/groups-admin-panel.tsx, /src/modules/support-weekly-reports/ui/support-weekly-report-workspace.tsx, /src/modules/auth/providers/auth-provider.tsx, /src/pages/auth-login/ui/auth-login-page.tsx, /src/pages/auth-register/ui/auth-register-page.tsx, /src/pages/settings/ui/settings-page.tsx, /src/modules/reports/ui/qa-weekly-report-panel.tsx, /src/modules/reports/ui/support-weekly-report-panel.tsx, /src/pages/dashboard/ui/dashboard-page.tsx, /src/modules/reports/ui/management-weekly-report-panel.tsx, /src/modules/licenses/ui/license-types-settings-panel.tsx, /src/modules/licenses/ui/licenses-registry-workspace.tsx[22m
[2m10:58:04[22m [36m[1m[vite][22m[39m [90m[2m(client)[22m[39m [33mhmr invalidate [39m[2m/src/modules/auth/providers/auth-provider.tsx[22m Could not Fast Refresh ("useAuth" export is incompatible). Learn more at https://github.com/vitejs/vite-plugin-react/tree/main/packages/plugin-react#consistent-components-exports
[2m10:58:04[22m [36m[1m[vite][22m[39m [90m[2m(client)[22m[39m [32mhmr update [39m[2m/src/app/providers/app-providers.tsx, /src/shared/ui/app-shell.tsx, /src/modules/auth/ui/permission-route.tsx, /src/modules/auth/ui/authenticated-route.tsx, /src/pages/auth-login/ui/auth-login-page.tsx, /src/pages/auth-register/ui/auth-register-page.tsx, /src/pages/reports/ui/reports-page.tsx, /src/pages/settings/ui/settings-page.tsx, /src/pages/activity-records/ui/activity-records-page.tsx, /src/modules/management-weekly-reports/ui/management-weekly-report-workspace.tsx, /src/modules/support-weekly-reports/ui/support-weekly-report-workspace.tsx[22m
[2m11:05:03[22m [36m[1m[vite][22m[39m [90m[2m(client)[22m[39m [32mhmr update [39m[2m/src/pages/reports/ui/reports-page.tsx, /src/modules/reports/ui/license-report-panel.tsx, /src/pages/activity-records/ui/activity-records-page.tsx, /src/modules/management-weekly-reports/ui/management-weekly-report-workspace.tsx, /src/modules/users/ui/users-admin-panel.tsx, /src/modules/groups/ui/groups-admin-panel.tsx, /src/modules/support-weekly-reports/ui/support-weekly-report-workspace.tsx, /src/modules/auth/providers/auth-provider.tsx, /src/pages/auth-login/ui/auth-login-page.tsx, /src/pages/auth-register/ui/auth-register-page.tsx, /src/pages/settings/ui/settings-page.tsx, /src/modules/reports/ui/qa-weekly-report-panel.tsx, /src/modules/reports/ui/support-weekly-report-panel.tsx, /src/pages/dashboard/ui/dashboard-page.tsx, /src/modules/reports/ui/management-weekly-report-panel.tsx, /src/modules/licenses/ui/license-types-settings-panel.tsx, /src/modules/licenses/ui/licenses-registry-workspace.tsx[22m
[2m11:05:03[22m [36m[1m[vite][22m[39m [90m[2m(client)[22m[39m [33mhmr invalidate [39m[2m/src/modules/auth/providers/auth-provider.tsx[22m Could not Fast Refresh ("useAuth" export is incompatible). Learn more at https://github.com/vitejs/vite-plugin-react/tree/main/packages/plugin-react#consistent-components-exports
[2m11:05:03[22m [36m[1m[vite][22m[39m [90m[2m(client)[22m[39m [32mhmr update [39m[2m/src/app/providers/app-providers.tsx, /src/shared/ui/app-shell.tsx, /src/modules/auth/ui/permission-route.tsx, /src/modules/auth/ui/authenticated-route.tsx, /src/pages/auth-login/ui/auth-login-page.tsx, /src/pages/auth-register/ui/auth-register-page.tsx, /src/pages/reports/ui/reports-page.tsx, /src/pages/settings/ui/settings-page.tsx, /src/pages/activity-records/ui/activity-records-page.tsx, /src/modules/management-weekly-reports/ui/management-weekly-report-workspace.tsx, /src/modules/support-weekly-reports/ui/support-weekly-report-workspace.tsx[22m
[2m15:15:26[22m [36m[1m[vite][22m[39m [90m[2m(client)[22m[39m [32mhmr update [39m[2m/src/modules/groups/ui/groups-admin-panel.tsx[22m
[2m15:18:20[22m [36m[1m[vite][22m[39m [90m[2m(client)[22m[39m [32mhmr update [39m[2m/src/shared/ui/app-shell.tsx[22m
[2m15:18:49[22m [36m[1m[vite][22m[39m [90m[2m(client)[22m[39m [32mhmr update [39m[2m/src/shared/ui/global.css[22m
[2m15:20:22[22m [36m[1m[vite][22m[39m [90m[2m(client)[22m[39m [32mhmr update [39m[2m/src/shared/ui/app-shell.tsx[22m
[2m15:20:30[22m [36m[1m[vite][22m[39m [90m[2m(client)[22m[39m [32mhmr update [39m[2m/src/shared/ui/global.css[22m
[2m15:29:39[22m [36m[1m[vite][22m[39m [90m[2m(client)[22m[39m [32mhmr update [39m[2m/src/shared/ui/global.css[22m
[2m15:30:10[22m [36m[1m[vite][22m[39m [90m[2m(client)[22m[39m [32mhmr update [39m[2m/src/shared/ui/app-shell.tsx[22m
[2m15:30:18[22m [36m[1m[vite][22m[39m [90m[2m(client)[22m[39m [32mhmr update [39m[2m/src/shared/ui/global.css[22m
[2m15:33:44[22m [36m[1m[vite][22m[39m [90m[2m(client)[22m[39m [32mhmr update [39m[2m/src/modules/groups/ui/groups-admin-panel.tsx[22m
[2m15:45:31[22m [36m[1m[vite][22m[39m [90m[2m(client)[22m[39m [32mhmr update [39m[2m/src/pages/activity-records/ui/activity-records-page.tsx[22m
[2m15:45:45[22m [36m[1m[vite][22m[39m [90m[2m(client)[22m[39m [32mhmr update [39m[2m/src/pages/activity-records/ui/activity-records-page.tsx[22m
[2m15:45:49[22m [36m[1m[vite][22m[39m [90m[2m(client)[22m[39m [32mhmr update [39m[2m/src/pages/activity-records/ui/activity-records-page.tsx[22m
[2m15:49:51[22m [36m[1m[vite][22m[39m [90m[2m(client)[22m[39m [32mhmr update [39m[2m/src/modules/groups/ui/groups-admin-panel.tsx[22m
[2m15:50:02[22m [36m[1m[vite][22m[39m [90m[2m(client)[22m[39m [32mhmr update [39m[2m/src/modules/groups/ui/groups-admin-panel.tsx[22m
[2m15:50:14[22m [36m[1m[vite][22m[39m [90m[2m(client)[22m[39m [32mhmr update [39m[2m/src/modules/groups/ui/groups-admin-panel.tsx[22m
[2m15:50:51[22m [36m[1m[vite][22m[39m [90m[2m(client)[22m[39m [32mhmr update [39m[2m/src/modules/groups/ui/groups-admin-panel.tsx[22m
[2m15:52:30[22m [36m[1m[vite][22m[39m [90m[2m(client)[22m[39m [32mhmr update [39m[2m/src/modules/groups/ui/groups-admin-panel.tsx[22m
[2m15:54:26[22m [36m[1m[vite][22m[39m [90m[2m(client)[22m[39m [32mhmr update [39m[2m/src/app/router/app-router.tsx, /src/shared/ui/app-shell.tsx, /src/pages/reports/ui/reports-page.tsx, /src/pages/settings/ui/settings-page.tsx, /src/pages/activity-records/ui/activity-records-page.tsx, /src/modules/management-weekly-reports/ui/management-weekly-report-workspace.tsx, /src/modules/support-weekly-reports/ui/support-weekly-report-workspace.tsx[22m
[2m15:54:58[22m [36m[1m[vite][22m[39m [90m[2m(client)[22m[39m [32mhmr update [39m[2m/src/pages/activity-records/ui/activity-records-page.tsx[22m
[2m15:55:27[22m [36m[1m[vite][22m[39m [90m[2m(client)[22m[39m [32mhmr update [39m[2m/src/modules/groups/ui/groups-admin-panel.tsx[22m
[2m16:12:32[22m [36m[1m[vite][22m[39m [90m[2m(client)[22m[39m [32mhmr update [39m[2m/src/pages/activity-records/ui/activity-records-page.tsx[22m
[2m16:17:55[22m [36m[1m[vite][22m[39m [90m[2m(client)[22m[39m [32mhmr update [39m[2m/src/modules/groups/ui/groups-admin-panel.tsx[22m
[2m16:17:55[22m [36m[1m[vite][22m[39m [90m[2m(client)[22m[39m [32mhmr update [39m[2m/src/pages/activity-records/ui/activity-records-page.tsx[22m
[2m16:17:55[22m [36m[1m[vite][22m[39m [90m[2m(client)[22m[39m [32mhmr update [39m[2m/src/shared/ui/app-shell.tsx[22m
[2m16:17:55[22m [36m[1m[vite][22m[39m [90m[2m(client)[22m[39m [32mhmr update [39m[2m/src/shared/ui/global.css[22m
[2m16:17:55[22m [36m[1m[vite][22m[39m [90m[2m(client)[22m[39m [32mhmr update [39m[2m/src/app/router/app-router.tsx, /src/shared/ui/app-shell.tsx, /src/pages/reports/ui/reports-page.tsx, /src/pages/settings/ui/settings-page.tsx, /src/pages/activity-records/ui/activity-records-page.tsx, /src/modules/management-weekly-reports/ui/management-weekly-report-workspace.tsx, /src/modules/support-weekly-reports/ui/support-weekly-report-workspace.tsx[22m
[2m16:17:58[22m [36m[1m[vite][22m[39m [90m[2m(client)[22m[39m [32mhmr update [39m[2m/src/modules/groups/ui/groups-admin-panel.tsx[22m
[2m16:17:58[22m [36m[1m[vite][22m[39m [90m[2m(client)[22m[39m [32mhmr update [39m[2m/src/pages/activity-records/ui/activity-records-page.tsx[22m
[2m16:17:58[22m [36m[1m[vite][22m[39m [90m[2m(client)[22m[39m [32mhmr update [39m[2m/src/shared/ui/app-shell.tsx[22m
[2m16:17:58[22m [36m[1m[vite][22m[39m [90m[2m(client)[22m[39m [32mhmr update [39m[2m/src/shared/ui/global.css[22m
[2m16:17:58[22m [36m[1m[vite][22m[39m [90m[2m(client)[22m[39m [32mhmr update [39m[2m/src/app/router/app-router.tsx, /src/shared/ui/app-shell.tsx, /src/pages/reports/ui/reports-page.tsx, /src/pages/settings/ui/settings-page.tsx, /src/pages/activity-records/ui/activity-records-page.tsx, /src/modules/management-weekly-reports/ui/management-weekly-report-workspace.tsx, /src/modules/support-weekly-reports/ui/support-weekly-report-workspace.tsx[22m
